<?xml version="1.0" encoding="UTF-8"?>
<!-- Generated by org.testng.reporters.JUnitReportReporter -->
<testsuite hostname="DESKTOP-9SPTNI9" failures="0" tests="1" name="testCases.TC_001_AccountRegistrationTest" time="10.334" errors="0" timestamp="2024-06-04T17:09:00 IST" skipped="0">
  <testcase classname="testCases.TC_001_AccountRegistrationTest" name="verify_account_registration" time="10.334"/>
</testsuite> <!-- testCases.TC_001_AccountRegistrationTest -->
