<?xml version="1.0" encoding="UTF-8"?>
<!-- Generated by org.testng.reporters.JUnitReportReporter -->
<testsuite hostname="DESKTOP-9SPTNI9" failures="0" tests="1" name="testCases.TC_002_LoginTest" time="5.587" errors="0" timestamp="2024-06-04T17:09:00 IST" skipped="0">
  <testcase classname="testCases.TC_002_LoginTest" name="verify_login" time="5.587"/>
</testsuite> <!-- testCases.TC_002_LoginTest -->
