<?xml version="1.0" encoding="UTF-8"?>
<!-- Generated by org.testng.reporters.JUnitReportReporter -->
<testsuite hostname="DESKTOP-9SPTNI9" failures="0" tests="1" name="testCases.TC_002_LoginTest" time="6.743" errors="0" timestamp="2024-06-04T13:07:43 IST" skipped="0">
  <testcase classname="testCases.TC_002_LoginTest" name="verify_login" time="6.743"/>
</testsuite> <!-- testCases.TC_002_LoginTest -->
