<?xml version="1.0" encoding="UTF-8"?>
<!-- Generated by org.testng.reporters.JUnitReportReporter -->
<testsuite hostname="DESKTOP-9SPTNI9" failures="0" tests="1" name="testCases.TC_001_AccountRegistrationTest" time="8.572" errors="0" timestamp="2024-06-04T13:07:43 IST" skipped="0">
  <testcase classname="testCases.TC_001_AccountRegistrationTest" name="verify_account_registration" time="8.572"/>
</testsuite> <!-- testCases.TC_001_AccountRegistrationTest -->
